<?xml version="1.0" encoding="UTF-8"?>
<!-- Generated by org.testng.reporters.JUnitXMLReporter -->
<testsuite ignored="0" hostname="Shikhar-PC" failures="1" tests="1" name="case3" time="2.444" errors="0" timestamp="2021-06-15T07:58:47 IST">
  <testcase classname="complexjson.put" name="Putup" time="2.412">
    <failure type="java.lang.AssertionError" message="expected [200] but found [404]">
      <![CDATA[java.lang.AssertionError: expected [200] but found [404]
at complexjson.put.Putup(put.java:31)
at java.base/java.util.ArrayList.forEach(ArrayList.java:1511)
... Removed 33 stack frames]]>
    </failure>
  </testcase> <!-- Putup -->
</testsuite> <!-- case3 -->
